<?xml version="1.0" encoding="UTF-8"?>
<!-- Generated by org.testng.reporters.JUnitReportReporter -->
<testsuite skipped="0" hostname="B200055F1D" name="example.NewTest" tests="1" failures="0" timestamp="29 May 2018 10:50:08 GMT" time="0.009" errors="0">
  <testcase name="getPositiveNumber" time="0.009" classname="example.NewTest"/>
</testsuite> <!-- example.NewTest -->
